<?xml version="1.0" encoding="UTF-8"?>
<!-- Generated by org.testng.reporters.JUnitReportReporter -->
<testsuite skipped="0" hostname="pritpal-singh.local" name="tests.NewTest" tests="1" failures="0" timestamp="23 Feb 2018 13:41:15 GMT" time="9.370" errors="0">
  <testcase name="openMyBlog" time="9.370" classname="tests.NewTest"/>
</testsuite> <!-- tests.NewTest -->
